[2026-03-02 15:02:36] [INFO] ℹ️  ============================================================
[2026-03-02 15:02:36] [INFO] ℹ️  STARTING BULK CONTENT GENERATION
[2026-03-02 15:02:36] [INFO] ℹ️  ============================================================
[2026-03-02 15:02:36] [INFO] ℹ️  Starting study guide generation...
[2026-03-02 15:02:36] [SUCCESS] ✅ Generated 12 study guide templates
[2026-03-02 15:02:36] [INFO] ℹ️  Starting question generation...
[2026-03-02 15:02:36] [SUCCESS] ✅ Generated 120 practice questions
[2026-03-02 15:02:36] [INFO] ℹ️  Starting mock exam generation...
[2026-03-02 15:02:36] [SUCCESS] ✅ Generated mock exam #1
[2026-03-02 15:02:36] [INFO] ℹ️  ============================================================
[2026-03-02 15:02:36] [INFO] ℹ️  GENERATION COMPLETE
[2026-03-02 15:02:36] [INFO] ℹ️  Guides: 12 | Questions: 120 | Mocks: 1
[2026-03-02 15:02:36] [INFO] ℹ️  ============================================================
[2026-03-03 10:07:06] [INFO] ℹ️  ============================================================
[2026-03-03 10:07:06] [INFO] ℹ️  STARTING BULK CONTENT GENERATION
[2026-03-03 10:07:06] [INFO] ℹ️  ============================================================
[2026-03-03 10:07:06] [INFO] ℹ️  Starting study guide generation...
[2026-03-03 10:07:06] [SUCCESS] ✅ Generated 12 study guide templates
[2026-03-03 10:07:06] [INFO] ℹ️  Starting question generation...
[2026-03-03 10:07:06] [SUCCESS] ✅ Generated 120 practice questions
[2026-03-03 10:07:06] [INFO] ℹ️  Starting mock exam generation...
[2026-03-03 10:07:06] [SUCCESS] ✅ Generated mock exam #2
[2026-03-03 10:07:06] [INFO] ℹ️  ============================================================
[2026-03-03 10:07:06] [INFO] ℹ️  GENERATION COMPLETE
[2026-03-03 10:07:06] [INFO] ℹ️  Guides: 12 | Questions: 120 | Mocks: 1
[2026-03-03 10:07:06] [INFO] ℹ️  ============================================================
